<?xml version="1.0" encoding="UTF-8"?>
<!-- Generated by org.testng.reporters.JUnitReportReporter -->
<testsuite hostname="DESKTOP-MVHKLV0" failures="0" tests="1" name="Testrunner.TestSuiterunner" time="24.064" errors="0" timestamp="08 Sep 2024 14:24:58 GMT" skipped="0">
  <testcase classname="Testrunner.TestSuiterunner" name="runScenario" time="24.064"/>
</testsuite> <!-- Testrunner.TestSuiterunner -->
