<?xml version="1.0" encoding="UTF-8"?>
<!-- Generated by org.testng.reporters.JUnitReportReporter -->
<testsuite hostname="DESKTOP-MVHKLV0" failures="0" tests="1" name="Testrunner.TestSuiterunner" time="5.507" errors="0" timestamp="25 Aug 2024 15:04:48 GMT" skipped="0">
  <testcase classname="Testrunner.TestSuiterunner" name="runScenario" time="5.507"/>
</testsuite> <!-- Testrunner.TestSuiterunner -->
